#-----------------------------------------------------------
# Vivado v2022.2 (64-bit)
# SW Build 3671981 on Fri Oct 14 05:00:03 MDT 2022
# IP Build 3669848 on Fri Oct 14 08:30:02 MDT 2022
# Start of session at: Sat Dec 14 09:13:01 2024
# Process ID: 2780
# Current directory: C:/Users/tyxiong2/Desktop
# Command line: vivado.exe -gui_launcher_event rodinguilauncherevent21576
# Log file: C:/Users/tyxiong2/Desktop/vivado.log
# Journal file: C:/Users/tyxiong2/Desktop\vivado.jou
# Running On: ECEB-3070-01, OS: Windows, CPU Frequency: 3312 MHz, CPU Physical cores: 6, Host memory: 16865 MB
#-----------------------------------------------------------
start_gui
WARNING: [Board 49-26] cannot add Board Part xilinx.com:vek280_es:part0:1.0 available at C:/Xilinx/Vivado/2022.2/data/xhub/boards/XilinxBoardStore/boards/Xilinx/vek280/es/1.0/board.xml as part xcve2802-vsvh1760-2lp-e-s-es1 specified in board_part file is either invalid or not available
WARNING: [Board 49-26] cannot add Board Part xilinx.com:vhk158_es:part0:1.0 available at C:/Xilinx/Vivado/2022.2/data/xhub/boards/XilinxBoardStore/boards/Xilinx/vhk158/es/1.0/board.xml as part xcvh1582-vsva3697-2mp-e-s-es1 specified in board_part file is either invalid or not available
WARNING: [Board 49-26] cannot add Board Part xilinx.com:vpk120_es:part0:1.2 available at C:/Xilinx/Vivado/2022.2/data/xhub/boards/XilinxBoardStore/boards/Xilinx/vpk120/es/1.2/board.xml as part xcvp1202-vsva2785-2mp-e-s-es1 specified in board_part file is either invalid or not available
WARNING: [Board 49-26] cannot add Board Part xilinx.com:vpk120_es_revb:part0:1.0 available at C:/Xilinx/Vivado/2022.2/data/xhub/boards/XilinxBoardStore/boards/Xilinx/vpk120_revb/es/1.0/board.xml as part xcvp1202-vsva2785-2mp-e-s-es1 specified in board_part file is either invalid or not available
WARNING: [Board 49-26] cannot add Board Part xilinx.com:vpk180_es:part0:1.0 available at C:/Xilinx/Vivado/2022.2/data/xhub/boards/XilinxBoardStore/boards/Xilinx/vpk180/es/1.0/board.xml as part xcvp1802-lsvc4072-2mp-e-s-es1 specified in board_part file is either invalid or not available
WARNING: [Board 49-26] cannot add Board Part xilinx.com:zcu208ld:part0:2.0 available at C:/Xilinx/Vivado/2022.2/data/xhub/boards/XilinxBoardStore/boards/Xilinx/zcu208ld/production/2.0/board.xml as part xczu58dr-fsvg1517-2-i specified in board_part file is either invalid or not available
WARNING: [Board 49-26] cannot add Board Part xilinx.com:zcu216ld:part0:2.0 available at C:/Xilinx/Vivado/2022.2/data/xhub/boards/XilinxBoardStore/boards/Xilinx/zcu216ld/production/2.0/board.xml as part xczu59dr-ffvf1760-2-i specified in board_part file is either invalid or not available
WARNING: [Board 49-26] cannot add Board Part xilinx.com:zcu670:part0:2.0 available at C:/Xilinx/Vivado/2022.2/data/xhub/boards/XilinxBoardStore/boards/Xilinx/zcu670/2.0/board.xml as part xczu67dr-fsve1156-2-i specified in board_part file is either invalid or not available
WARNING: [Board 49-26] cannot add Board Part xilinx.com:zcu670ld:part0:1.0 available at C:/Xilinx/Vivado/2022.2/data/xhub/boards/XilinxBoardStore/boards/Xilinx/zcu670ld/1.0/board.xml as part xczu57dr-fsve1156-2-i specified in board_part file is either invalid or not available
open_project C:/Users/tyxiong2/Desktop/aapl1_urbana/aapl1_urbana.xpr
INFO: [Project 1-313] Project file moved from 'C:/Users/theox/AppData/Roaming/Xilinx/Vivado/.Xil/Vivado-27744-beeeebopppp/PrjAr/_X_' since last save.
Scanning sources...
Finished scanning sources
INFO: [Project 1-1877] Auto incremental dir location 'C:/../../../../Desktop/aapl1_urbana/aapl1_urbana.srcs/utils_1/imports/synth_1' of run 'synth_1' is not writable, setting it to default location 'C:/Users/tyxiong2/Desktop/aapl1_urbana/aapl1_urbana.srcs/utils_1/imports/synth_1'.
INFO: [Project 1-1877] Auto incremental dir location 'C:/../../../../Desktop/aapl1_urbana/aapl1_urbana.srcs/utils_1/imports/synth_1' of run 'synth_1' is not writable, setting it to default location 'C:/Users/tyxiong2/Desktop/aapl1_urbana/aapl1_urbana.srcs/utils_1/imports/synth_1'.
INFO: [Project 1-1877] Auto incremental dir location 'C:/../../../../Desktop/aapl1_urbana/aapl1_urbana.srcs/utils_1/imports/hdmi_tx_0_synth_1' of run 'hdmi_tx_0_synth_1' is not writable, setting it to default location 'C:/Users/tyxiong2/Desktop/aapl1_urbana/aapl1_urbana.srcs/utils_1/imports/hdmi_tx_0_synth_1'.
INFO: [Project 1-1877] Auto incremental dir location 'C:/../../../../Desktop/aapl1_urbana/aapl1_urbana.srcs/utils_1/imports/hdmi_tx_0_synth_1' of run 'hdmi_tx_0_synth_1' is not writable, setting it to default location 'C:/Users/tyxiong2/Desktop/aapl1_urbana/aapl1_urbana.srcs/utils_1/imports/hdmi_tx_0_synth_1'.
INFO: [Project 1-1877] Auto incremental dir location 'C:/../../../../Desktop/aapl1_urbana/aapl1_urbana.srcs/utils_1/imports/clk_wiz_0_synth_1' of run 'clk_wiz_0_synth_1' is not writable, setting it to default location 'C:/Users/tyxiong2/Desktop/aapl1_urbana/aapl1_urbana.srcs/utils_1/imports/clk_wiz_0_synth_1'.
INFO: [Project 1-1877] Auto incremental dir location 'C:/../../../../Desktop/aapl1_urbana/aapl1_urbana.srcs/utils_1/imports/clk_wiz_0_synth_1' of run 'clk_wiz_0_synth_1' is not writable, setting it to default location 'C:/Users/tyxiong2/Desktop/aapl1_urbana/aapl1_urbana.srcs/utils_1/imports/clk_wiz_0_synth_1'.
INFO: [Project 1-1877] Auto incremental dir location 'C:/../../../../Desktop/aapl1_urbana/aapl1_urbana.srcs/utils_1/imports/mb_snes_gpio_usb_keycode_0_synth_1' of run 'mb_snes_gpio_usb_keycode_0_synth_1' is not writable, setting it to default location 'C:/Users/tyxiong2/Desktop/aapl1_urbana/aapl1_urbana.srcs/utils_1/imports/mb_snes_gpio_usb_keycode_0_synth_1'.
INFO: [Project 1-1877] Auto incremental dir location 'C:/../../../../Desktop/aapl1_urbana/aapl1_urbana.srcs/utils_1/imports/mb_snes_gpio_usb_keycode_0_synth_1' of run 'mb_snes_gpio_usb_keycode_0_synth_1' is not writable, setting it to default location 'C:/Users/tyxiong2/Desktop/aapl1_urbana/aapl1_urbana.srcs/utils_1/imports/mb_snes_gpio_usb_keycode_0_synth_1'.
INFO: [Project 1-1877] Auto incremental dir location 'C:/../../../../Desktop/aapl1_urbana/aapl1_urbana.srcs/utils_1/imports/mb_snes_axi_uartlite_0_0_synth_1' of run 'mb_snes_axi_uartlite_0_0_synth_1' is not writable, setting it to default location 'C:/Users/tyxiong2/Desktop/aapl1_urbana/aapl1_urbana.srcs/utils_1/imports/mb_snes_axi_uartlite_0_0_synth_1'.
INFO: [Project 1-1877] Auto incremental dir location 'C:/../../../../Desktop/aapl1_urbana/aapl1_urbana.srcs/utils_1/imports/mb_snes_axi_uartlite_0_0_synth_1' of run 'mb_snes_axi_uartlite_0_0_synth_1' is not writable, setting it to default location 'C:/Users/tyxiong2/Desktop/aapl1_urbana/aapl1_urbana.srcs/utils_1/imports/mb_snes_axi_uartlite_0_0_synth_1'.
INFO: [Project 1-1877] Auto incremental dir location 'C:/../../../../Desktop/aapl1_urbana/aapl1_urbana.srcs/utils_1/imports/mb_snes_clk_wiz_1_0_synth_1' of run 'mb_snes_clk_wiz_1_0_synth_1' is not writable, setting it to default location 'C:/Users/tyxiong2/Desktop/aapl1_urbana/aapl1_urbana.srcs/utils_1/imports/mb_snes_clk_wiz_1_0_synth_1'.
INFO: [Project 1-1877] Auto incremental dir location 'C:/../../../../Desktop/aapl1_urbana/aapl1_urbana.srcs/utils_1/imports/mb_snes_clk_wiz_1_0_synth_1' of run 'mb_snes_clk_wiz_1_0_synth_1' is not writable, setting it to default location 'C:/Users/tyxiong2/Desktop/aapl1_urbana/aapl1_urbana.srcs/utils_1/imports/mb_snes_clk_wiz_1_0_synth_1'.
INFO: [Project 1-1877] Auto incremental dir location 'C:/../../../../Desktop/aapl1_urbana/aapl1_urbana.srcs/utils_1/imports/mb_snes_gpio_usb_int_0_synth_1' of run 'mb_snes_gpio_usb_int_0_synth_1' is not writable, setting it to default location 'C:/Users/tyxiong2/Desktop/aapl1_urbana/aapl1_urbana.srcs/utils_1/imports/mb_snes_gpio_usb_int_0_synth_1'.
INFO: [Project 1-1877] Auto incremental dir location 'C:/../../../../Desktop/aapl1_urbana/aapl1_urbana.srcs/utils_1/imports/mb_snes_gpio_usb_int_0_synth_1' of run 'mb_snes_gpio_usb_int_0_synth_1' is not writable, setting it to default location 'C:/Users/tyxiong2/Desktop/aapl1_urbana/aapl1_urbana.srcs/utils_1/imports/mb_snes_gpio_usb_int_0_synth_1'.
INFO: [Project 1-1877] Auto incremental dir location 'C:/../../../../Desktop/aapl1_urbana/aapl1_urbana.srcs/utils_1/imports/mb_snes_gpio_usb_rst_0_synth_1' of run 'mb_snes_gpio_usb_rst_0_synth_1' is not writable, setting it to default location 'C:/Users/tyxiong2/Desktop/aapl1_urbana/aapl1_urbana.srcs/utils_1/imports/mb_snes_gpio_usb_rst_0_synth_1'.
INFO: [Project 1-1877] Auto incremental dir location 'C:/../../../../Desktop/aapl1_urbana/aapl1_urbana.srcs/utils_1/imports/mb_snes_gpio_usb_rst_0_synth_1' of run 'mb_snes_gpio_usb_rst_0_synth_1' is not writable, setting it to default location 'C:/Users/tyxiong2/Desktop/aapl1_urbana/aapl1_urbana.srcs/utils_1/imports/mb_snes_gpio_usb_rst_0_synth_1'.
INFO: [Project 1-1877] Auto incremental dir location 'C:/../../../../Desktop/aapl1_urbana/aapl1_urbana.srcs/utils_1/imports/mb_snes_mdm_1_0_synth_1' of run 'mb_snes_mdm_1_0_synth_1' is not writable, setting it to default location 'C:/Users/tyxiong2/Desktop/aapl1_urbana/aapl1_urbana.srcs/utils_1/imports/mb_snes_mdm_1_0_synth_1'.
INFO: [Project 1-1877] Auto incremental dir location 'C:/../../../../Desktop/aapl1_urbana/aapl1_urbana.srcs/utils_1/imports/mb_snes_mdm_1_0_synth_1' of run 'mb_snes_mdm_1_0_synth_1' is not writable, setting it to default location 'C:/Users/tyxiong2/Desktop/aapl1_urbana/aapl1_urbana.srcs/utils_1/imports/mb_snes_mdm_1_0_synth_1'.
INFO: [Project 1-1877] Auto incremental dir location 'C:/../../../../Desktop/aapl1_urbana/aapl1_urbana.srcs/utils_1/imports/mb_snes_microblaze_0_0_synth_1' of run 'mb_snes_microblaze_0_0_synth_1' is not writable, setting it to default location 'C:/Users/tyxiong2/Desktop/aapl1_urbana/aapl1_urbana.srcs/utils_1/imports/mb_snes_microblaze_0_0_synth_1'.
INFO: [Project 1-1877] Auto incremental dir location 'C:/../../../../Desktop/aapl1_urbana/aapl1_urbana.srcs/utils_1/imports/mb_snes_microblaze_0_0_synth_1' of run 'mb_snes_microblaze_0_0_synth_1' is not writable, setting it to default location 'C:/Users/tyxiong2/Desktop/aapl1_urbana/aapl1_urbana.srcs/utils_1/imports/mb_snes_microblaze_0_0_synth_1'.
INFO: [Project 1-1877] Auto incremental dir location 'C:/../../../../Desktop/aapl1_urbana/aapl1_urbana.srcs/utils_1/imports/mb_snes_microblaze_0_axi_intc_0_synth_1' of run 'mb_snes_microblaze_0_axi_intc_0_synth_1' is not writable, setting it to default location 'C:/Users/tyxiong2/Desktop/aapl1_urbana/aapl1_urbana.srcs/utils_1/imports/mb_snes_microblaze_0_axi_intc_0_synth_1'.
INFO: [Project 1-1877] Auto incremental dir location 'C:/../../../../Desktop/aapl1_urbana/aapl1_urbana.srcs/utils_1/imports/mb_snes_microblaze_0_axi_intc_0_synth_1' of run 'mb_snes_microblaze_0_axi_intc_0_synth_1' is not writable, setting it to default location 'C:/Users/tyxiong2/Desktop/aapl1_urbana/aapl1_urbana.srcs/utils_1/imports/mb_snes_microblaze_0_axi_intc_0_synth_1'.
INFO: [Project 1-1877] Auto incremental dir location 'C:/../../../../Desktop/aapl1_urbana/aapl1_urbana.srcs/utils_1/imports/mb_snes_xbar_0_synth_1' of run 'mb_snes_xbar_0_synth_1' is not writable, setting it to default location 'C:/Users/tyxiong2/Desktop/aapl1_urbana/aapl1_urbana.srcs/utils_1/imports/mb_snes_xbar_0_synth_1'.
INFO: [Project 1-1877] Auto incremental dir location 'C:/../../../../Desktop/aapl1_urbana/aapl1_urbana.srcs/utils_1/imports/mb_snes_xbar_0_synth_1' of run 'mb_snes_xbar_0_synth_1' is not writable, setting it to default location 'C:/Users/tyxiong2/Desktop/aapl1_urbana/aapl1_urbana.srcs/utils_1/imports/mb_snes_xbar_0_synth_1'.
INFO: [Project 1-1877] Auto incremental dir location 'C:/../../../../Desktop/aapl1_urbana/aapl1_urbana.srcs/utils_1/imports/mb_snes_dlmb_bram_if_cntlr_0_synth_1' of run 'mb_snes_dlmb_bram_if_cntlr_0_synth_1' is not writable, setting it to default location 'C:/Users/tyxiong2/Desktop/aapl1_urbana/aapl1_urbana.srcs/utils_1/imports/mb_snes_dlmb_bram_if_cntlr_0_synth_1'.
INFO: [Project 1-1877] Auto incremental dir location 'C:/../../../../Desktop/aapl1_urbana/aapl1_urbana.srcs/utils_1/imports/mb_snes_dlmb_bram_if_cntlr_0_synth_1' of run 'mb_snes_dlmb_bram_if_cntlr_0_synth_1' is not writable, setting it to default location 'C:/Users/tyxiong2/Desktop/aapl1_urbana/aapl1_urbana.srcs/utils_1/imports/mb_snes_dlmb_bram_if_cntlr_0_synth_1'.
INFO: [Project 1-1877] Auto incremental dir location 'C:/../../../../Desktop/aapl1_urbana/aapl1_urbana.srcs/utils_1/imports/mb_snes_dlmb_v10_0_synth_1' of run 'mb_snes_dlmb_v10_0_synth_1' is not writable, setting it to default location 'C:/Users/tyxiong2/Desktop/aapl1_urbana/aapl1_urbana.srcs/utils_1/imports/mb_snes_dlmb_v10_0_synth_1'.
INFO: [Project 1-1877] Auto incremental dir location 'C:/../../../../Desktop/aapl1_urbana/aapl1_urbana.srcs/utils_1/imports/mb_snes_dlmb_v10_0_synth_1' of run 'mb_snes_dlmb_v10_0_synth_1' is not writable, setting it to default location 'C:/Users/tyxiong2/Desktop/aapl1_urbana/aapl1_urbana.srcs/utils_1/imports/mb_snes_dlmb_v10_0_synth_1'.
INFO: [Project 1-1877] Auto incremental dir location 'C:/../../../../Desktop/aapl1_urbana/aapl1_urbana.srcs/utils_1/imports/mb_snes_spi_usb_0_synth_1' of run 'mb_snes_spi_usb_0_synth_1' is not writable, setting it to default location 'C:/Users/tyxiong2/Desktop/aapl1_urbana/aapl1_urbana.srcs/utils_1/imports/mb_snes_spi_usb_0_synth_1'.
INFO: [Project 1-1877] Auto incremental dir location 'C:/../../../../Desktop/aapl1_urbana/aapl1_urbana.srcs/utils_1/imports/mb_snes_spi_usb_0_synth_1' of run 'mb_snes_spi_usb_0_synth_1' is not writable, setting it to default location 'C:/Users/tyxiong2/Desktop/aapl1_urbana/aapl1_urbana.srcs/utils_1/imports/mb_snes_spi_usb_0_synth_1'.
INFO: [Project 1-1877] Auto incremental dir location 'C:/../../../../Desktop/aapl1_urbana/aapl1_urbana.srcs/utils_1/imports/mb_snes_timer_usb_axi_0_synth_1' of run 'mb_snes_timer_usb_axi_0_synth_1' is not writable, setting it to default location 'C:/Users/tyxiong2/Desktop/aapl1_urbana/aapl1_urbana.srcs/utils_1/imports/mb_snes_timer_usb_axi_0_synth_1'.
INFO: [Project 1-1877] Auto incremental dir location 'C:/../../../../Desktop/aapl1_urbana/aapl1_urbana.srcs/utils_1/imports/mb_snes_timer_usb_axi_0_synth_1' of run 'mb_snes_timer_usb_axi_0_synth_1' is not writable, setting it to default location 'C:/Users/tyxiong2/Desktop/aapl1_urbana/aapl1_urbana.srcs/utils_1/imports/mb_snes_timer_usb_axi_0_synth_1'.
INFO: [Project 1-1877] Auto incremental dir location 'C:/../../../../Desktop/aapl1_urbana/aapl1_urbana.srcs/utils_1/imports/mb_snes_ilmb_bram_if_cntlr_0_synth_1' of run 'mb_snes_ilmb_bram_if_cntlr_0_synth_1' is not writable, setting it to default location 'C:/Users/tyxiong2/Desktop/aapl1_urbana/aapl1_urbana.srcs/utils_1/imports/mb_snes_ilmb_bram_if_cntlr_0_synth_1'.
INFO: [Project 1-1877] Auto incremental dir location 'C:/../../../../Desktop/aapl1_urbana/aapl1_urbana.srcs/utils_1/imports/mb_snes_ilmb_bram_if_cntlr_0_synth_1' of run 'mb_snes_ilmb_bram_if_cntlr_0_synth_1' is not writable, setting it to default location 'C:/Users/tyxiong2/Desktop/aapl1_urbana/aapl1_urbana.srcs/utils_1/imports/mb_snes_ilmb_bram_if_cntlr_0_synth_1'.
INFO: [Project 1-1877] Auto incremental dir location 'C:/../../../../Desktop/aapl1_urbana/aapl1_urbana.srcs/utils_1/imports/mb_snes_lmb_bram_0_synth_1' of run 'mb_snes_lmb_bram_0_synth_1' is not writable, setting it to default location 'C:/Users/tyxiong2/Desktop/aapl1_urbana/aapl1_urbana.srcs/utils_1/imports/mb_snes_lmb_bram_0_synth_1'.
INFO: [Project 1-1877] Auto incremental dir location 'C:/../../../../Desktop/aapl1_urbana/aapl1_urbana.srcs/utils_1/imports/mb_snes_lmb_bram_0_synth_1' of run 'mb_snes_lmb_bram_0_synth_1' is not writable, setting it to default location 'C:/Users/tyxiong2/Desktop/aapl1_urbana/aapl1_urbana.srcs/utils_1/imports/mb_snes_lmb_bram_0_synth_1'.
INFO: [Project 1-1877] Auto incremental dir location 'C:/../../../../Desktop/aapl1_urbana/aapl1_urbana.srcs/utils_1/imports/mb_snes_ilmb_v10_0_synth_1' of run 'mb_snes_ilmb_v10_0_synth_1' is not writable, setting it to default location 'C:/Users/tyxiong2/Desktop/aapl1_urbana/aapl1_urbana.srcs/utils_1/imports/mb_snes_ilmb_v10_0_synth_1'.
INFO: [Project 1-1877] Auto incremental dir location 'C:/../../../../Desktop/aapl1_urbana/aapl1_urbana.srcs/utils_1/imports/mb_snes_ilmb_v10_0_synth_1' of run 'mb_snes_ilmb_v10_0_synth_1' is not writable, setting it to default location 'C:/Users/tyxiong2/Desktop/aapl1_urbana/aapl1_urbana.srcs/utils_1/imports/mb_snes_ilmb_v10_0_synth_1'.
INFO: [Project 1-1877] Auto incremental dir location 'C:/../../../../Desktop/aapl1_urbana/aapl1_urbana.srcs/utils_1/imports/mb_snes_rst_clk_wiz_1_100M_0_synth_1' of run 'mb_snes_rst_clk_wiz_1_100M_0_synth_1' is not writable, setting it to default location 'C:/Users/tyxiong2/Desktop/aapl1_urbana/aapl1_urbana.srcs/utils_1/imports/mb_snes_rst_clk_wiz_1_100M_0_synth_1'.
INFO: [Project 1-1877] Auto incremental dir location 'C:/../../../../Desktop/aapl1_urbana/aapl1_urbana.srcs/utils_1/imports/mb_snes_rst_clk_wiz_1_100M_0_synth_1' of run 'mb_snes_rst_clk_wiz_1_100M_0_synth_1' is not writable, setting it to default location 'C:/Users/tyxiong2/Desktop/aapl1_urbana/aapl1_urbana.srcs/utils_1/imports/mb_snes_rst_clk_wiz_1_100M_0_synth_1'.
INFO: [Project 1-1877] Auto incremental dir location 'C:/../../../../Desktop/aapl1_urbana/aapl1_urbana.srcs/utils_1/imports/impl_1' of run 'impl_1' is not writable, setting it to default location 'C:/Users/tyxiong2/Desktop/aapl1_urbana/aapl1_urbana.srcs/utils_1/imports/impl_1'.
INFO: [Project 1-1877] Auto incremental dir location 'C:/../../../../Desktop/aapl1_urbana/aapl1_urbana.srcs/utils_1/imports/impl_1' of run 'impl_1' is not writable, setting it to default location 'C:/Users/tyxiong2/Desktop/aapl1_urbana/aapl1_urbana.srcs/utils_1/imports/impl_1'.
INFO: [Project 1-1877] Auto incremental dir location 'C:/../../../../Desktop/aapl1_urbana/aapl1_urbana.srcs/utils_1/imports/hdmi_tx_0_impl_1' of run 'hdmi_tx_0_impl_1' is not writable, setting it to default location 'C:/Users/tyxiong2/Desktop/aapl1_urbana/aapl1_urbana.srcs/utils_1/imports/hdmi_tx_0_impl_1'.
INFO: [Project 1-1877] Auto incremental dir location 'C:/../../../../Desktop/aapl1_urbana/aapl1_urbana.srcs/utils_1/imports/hdmi_tx_0_impl_1' of run 'hdmi_tx_0_impl_1' is not writable, setting it to default location 'C:/Users/tyxiong2/Desktop/aapl1_urbana/aapl1_urbana.srcs/utils_1/imports/hdmi_tx_0_impl_1'.
INFO: [Project 1-1877] Auto incremental dir location 'C:/../../../../Desktop/aapl1_urbana/aapl1_urbana.srcs/utils_1/imports/clk_wiz_0_impl_1' of run 'clk_wiz_0_impl_1' is not writable, setting it to default location 'C:/Users/tyxiong2/Desktop/aapl1_urbana/aapl1_urbana.srcs/utils_1/imports/clk_wiz_0_impl_1'.
INFO: [Project 1-1877] Auto incremental dir location 'C:/../../../../Desktop/aapl1_urbana/aapl1_urbana.srcs/utils_1/imports/clk_wiz_0_impl_1' of run 'clk_wiz_0_impl_1' is not writable, setting it to default location 'C:/Users/tyxiong2/Desktop/aapl1_urbana/aapl1_urbana.srcs/utils_1/imports/clk_wiz_0_impl_1'.
INFO: [Project 1-1877] Auto incremental dir location 'C:/../../../../Desktop/aapl1_urbana/aapl1_urbana.srcs/utils_1/imports/mb_snes_gpio_usb_keycode_0_impl_1' of run 'mb_snes_gpio_usb_keycode_0_impl_1' is not writable, setting it to default location 'C:/Users/tyxiong2/Desktop/aapl1_urbana/aapl1_urbana.srcs/utils_1/imports/mb_snes_gpio_usb_keycode_0_impl_1'.
INFO: [Project 1-1877] Auto incremental dir location 'C:/../../../../Desktop/aapl1_urbana/aapl1_urbana.srcs/utils_1/imports/mb_snes_gpio_usb_keycode_0_impl_1' of run 'mb_snes_gpio_usb_keycode_0_impl_1' is not writable, setting it to default location 'C:/Users/tyxiong2/Desktop/aapl1_urbana/aapl1_urbana.srcs/utils_1/imports/mb_snes_gpio_usb_keycode_0_impl_1'.
INFO: [Project 1-1877] Auto incremental dir location 'C:/../../../../Desktop/aapl1_urbana/aapl1_urbana.srcs/utils_1/imports/mb_snes_axi_uartlite_0_0_impl_1' of run 'mb_snes_axi_uartlite_0_0_impl_1' is not writable, setting it to default location 'C:/Users/tyxiong2/Desktop/aapl1_urbana/aapl1_urbana.srcs/utils_1/imports/mb_snes_axi_uartlite_0_0_impl_1'.
INFO: [Project 1-1877] Auto incremental dir location 'C:/../../../../Desktop/aapl1_urbana/aapl1_urbana.srcs/utils_1/imports/mb_snes_axi_uartlite_0_0_impl_1' of run 'mb_snes_axi_uartlite_0_0_impl_1' is not writable, setting it to default location 'C:/Users/tyxiong2/Desktop/aapl1_urbana/aapl1_urbana.srcs/utils_1/imports/mb_snes_axi_uartlite_0_0_impl_1'.
INFO: [Project 1-1877] Auto incremental dir location 'C:/../../../../Desktop/aapl1_urbana/aapl1_urbana.srcs/utils_1/imports/mb_snes_clk_wiz_1_0_impl_1' of run 'mb_snes_clk_wiz_1_0_impl_1' is not writable, setting it to default location 'C:/Users/tyxiong2/Desktop/aapl1_urbana/aapl1_urbana.srcs/utils_1/imports/mb_snes_clk_wiz_1_0_impl_1'.
INFO: [Project 1-1877] Auto incremental dir location 'C:/../../../../Desktop/aapl1_urbana/aapl1_urbana.srcs/utils_1/imports/mb_snes_clk_wiz_1_0_impl_1' of run 'mb_snes_clk_wiz_1_0_impl_1' is not writable, setting it to default location 'C:/Users/tyxiong2/Desktop/aapl1_urbana/aapl1_urbana.srcs/utils_1/imports/mb_snes_clk_wiz_1_0_impl_1'.
INFO: [Project 1-1877] Auto incremental dir location 'C:/../../../../Desktop/aapl1_urbana/aapl1_urbana.srcs/utils_1/imports/mb_snes_gpio_usb_int_0_impl_1' of run 'mb_snes_gpio_usb_int_0_impl_1' is not writable, setting it to default location 'C:/Users/tyxiong2/Desktop/aapl1_urbana/aapl1_urbana.srcs/utils_1/imports/mb_snes_gpio_usb_int_0_impl_1'.
INFO: [Project 1-1877] Auto incremental dir location 'C:/../../../../Desktop/aapl1_urbana/aapl1_urbana.srcs/utils_1/imports/mb_snes_gpio_usb_int_0_impl_1' of run 'mb_snes_gpio_usb_int_0_impl_1' is not writable, setting it to default location 'C:/Users/tyxiong2/Desktop/aapl1_urbana/aapl1_urbana.srcs/utils_1/imports/mb_snes_gpio_usb_int_0_impl_1'.
INFO: [Project 1-1877] Auto incremental dir location 'C:/../../../../Desktop/aapl1_urbana/aapl1_urbana.srcs/utils_1/imports/mb_snes_gpio_usb_rst_0_impl_1' of run 'mb_snes_gpio_usb_rst_0_impl_1' is not writable, setting it to default location 'C:/Users/tyxiong2/Desktop/aapl1_urbana/aapl1_urbana.srcs/utils_1/imports/mb_snes_gpio_usb_rst_0_impl_1'.
INFO: [Project 1-1877] Auto incremental dir location 'C:/../../../../Desktop/aapl1_urbana/aapl1_urbana.srcs/utils_1/imports/mb_snes_gpio_usb_rst_0_impl_1' of run 'mb_snes_gpio_usb_rst_0_impl_1' is not writable, setting it to default location 'C:/Users/tyxiong2/Desktop/aapl1_urbana/aapl1_urbana.srcs/utils_1/imports/mb_snes_gpio_usb_rst_0_impl_1'.
INFO: [Project 1-1877] Auto incremental dir location 'C:/../../../../Desktop/aapl1_urbana/aapl1_urbana.srcs/utils_1/imports/mb_snes_mdm_1_0_impl_1' of run 'mb_snes_mdm_1_0_impl_1' is not writable, setting it to default location 'C:/Users/tyxiong2/Desktop/aapl1_urbana/aapl1_urbana.srcs/utils_1/imports/mb_snes_mdm_1_0_impl_1'.
INFO: [Project 1-1877] Auto incremental dir location 'C:/../../../../Desktop/aapl1_urbana/aapl1_urbana.srcs/utils_1/imports/mb_snes_mdm_1_0_impl_1' of run 'mb_snes_mdm_1_0_impl_1' is not writable, setting it to default location 'C:/Users/tyxiong2/Desktop/aapl1_urbana/aapl1_urbana.srcs/utils_1/imports/mb_snes_mdm_1_0_impl_1'.
INFO: [Project 1-1877] Auto incremental dir location 'C:/../../../../Desktop/aapl1_urbana/aapl1_urbana.srcs/utils_1/imports/mb_snes_microblaze_0_0_impl_1' of run 'mb_snes_microblaze_0_0_impl_1' is not writable, setting it to default location 'C:/Users/tyxiong2/Desktop/aapl1_urbana/aapl1_urbana.srcs/utils_1/imports/mb_snes_microblaze_0_0_impl_1'.
INFO: [Project 1-1877] Auto incremental dir location 'C:/../../../../Desktop/aapl1_urbana/aapl1_urbana.srcs/utils_1/imports/mb_snes_microblaze_0_0_impl_1' of run 'mb_snes_microblaze_0_0_impl_1' is not writable, setting it to default location 'C:/Users/tyxiong2/Desktop/aapl1_urbana/aapl1_urbana.srcs/utils_1/imports/mb_snes_microblaze_0_0_impl_1'.
INFO: [Project 1-1877] Auto incremental dir location 'C:/../../../../Desktop/aapl1_urbana/aapl1_urbana.srcs/utils_1/imports/mb_snes_microblaze_0_axi_intc_0_impl_1' of run 'mb_snes_microblaze_0_axi_intc_0_impl_1' is not writable, setting it to default location 'C:/Users/tyxiong2/Desktop/aapl1_urbana/aapl1_urbana.srcs/utils_1/imports/mb_snes_microblaze_0_axi_intc_0_impl_1'.
INFO: [Project 1-1877] Auto incremental dir location 'C:/../../../../Desktop/aapl1_urbana/aapl1_urbana.srcs/utils_1/imports/mb_snes_microblaze_0_axi_intc_0_impl_1' of run 'mb_snes_microblaze_0_axi_intc_0_impl_1' is not writable, setting it to default location 'C:/Users/tyxiong2/Desktop/aapl1_urbana/aapl1_urbana.srcs/utils_1/imports/mb_snes_microblaze_0_axi_intc_0_impl_1'.
INFO: [Project 1-1877] Auto incremental dir location 'C:/../../../../Desktop/aapl1_urbana/aapl1_urbana.srcs/utils_1/imports/mb_snes_xbar_0_impl_1' of run 'mb_snes_xbar_0_impl_1' is not writable, setting it to default location 'C:/Users/tyxiong2/Desktop/aapl1_urbana/aapl1_urbana.srcs/utils_1/imports/mb_snes_xbar_0_impl_1'.
INFO: [Project 1-1877] Auto incremental dir location 'C:/../../../../Desktop/aapl1_urbana/aapl1_urbana.srcs/utils_1/imports/mb_snes_xbar_0_impl_1' of run 'mb_snes_xbar_0_impl_1' is not writable, setting it to default location 'C:/Users/tyxiong2/Desktop/aapl1_urbana/aapl1_urbana.srcs/utils_1/imports/mb_snes_xbar_0_impl_1'.
INFO: [Project 1-1877] Auto incremental dir location 'C:/../../../../Desktop/aapl1_urbana/aapl1_urbana.srcs/utils_1/imports/mb_snes_dlmb_bram_if_cntlr_0_impl_1' of run 'mb_snes_dlmb_bram_if_cntlr_0_impl_1' is not writable, setting it to default location 'C:/Users/tyxiong2/Desktop/aapl1_urbana/aapl1_urbana.srcs/utils_1/imports/mb_snes_dlmb_bram_if_cntlr_0_impl_1'.
INFO: [Project 1-1877] Auto incremental dir location 'C:/../../../../Desktop/aapl1_urbana/aapl1_urbana.srcs/utils_1/imports/mb_snes_dlmb_bram_if_cntlr_0_impl_1' of run 'mb_snes_dlmb_bram_if_cntlr_0_impl_1' is not writable, setting it to default location 'C:/Users/tyxiong2/Desktop/aapl1_urbana/aapl1_urbana.srcs/utils_1/imports/mb_snes_dlmb_bram_if_cntlr_0_impl_1'.
INFO: [Project 1-1877] Auto incremental dir location 'C:/../../../../Desktop/aapl1_urbana/aapl1_urbana.srcs/utils_1/imports/mb_snes_dlmb_v10_0_impl_1' of run 'mb_snes_dlmb_v10_0_impl_1' is not writable, setting it to default location 'C:/Users/tyxiong2/Desktop/aapl1_urbana/aapl1_urbana.srcs/utils_1/imports/mb_snes_dlmb_v10_0_impl_1'.
INFO: [Project 1-1877] Auto incremental dir location 'C:/../../../../Desktop/aapl1_urbana/aapl1_urbana.srcs/utils_1/imports/mb_snes_dlmb_v10_0_impl_1' of run 'mb_snes_dlmb_v10_0_impl_1' is not writable, setting it to default location 'C:/Users/tyxiong2/Desktop/aapl1_urbana/aapl1_urbana.srcs/utils_1/imports/mb_snes_dlmb_v10_0_impl_1'.
INFO: [Project 1-1877] Auto incremental dir location 'C:/../../../../Desktop/aapl1_urbana/aapl1_urbana.srcs/utils_1/imports/mb_snes_spi_usb_0_impl_1' of run 'mb_snes_spi_usb_0_impl_1' is not writable, setting it to default location 'C:/Users/tyxiong2/Desktop/aapl1_urbana/aapl1_urbana.srcs/utils_1/imports/mb_snes_spi_usb_0_impl_1'.
INFO: [Project 1-1877] Auto incremental dir location 'C:/../../../../Desktop/aapl1_urbana/aapl1_urbana.srcs/utils_1/imports/mb_snes_spi_usb_0_impl_1' of run 'mb_snes_spi_usb_0_impl_1' is not writable, setting it to default location 'C:/Users/tyxiong2/Desktop/aapl1_urbana/aapl1_urbana.srcs/utils_1/imports/mb_snes_spi_usb_0_impl_1'.
INFO: [Project 1-1877] Auto incremental dir location 'C:/../../../../Desktop/aapl1_urbana/aapl1_urbana.srcs/utils_1/imports/mb_snes_timer_usb_axi_0_impl_1' of run 'mb_snes_timer_usb_axi_0_impl_1' is not writable, setting it to default location 'C:/Users/tyxiong2/Desktop/aapl1_urbana/aapl1_urbana.srcs/utils_1/imports/mb_snes_timer_usb_axi_0_impl_1'.
INFO: [Project 1-1877] Auto incremental dir location 'C:/../../../../Desktop/aapl1_urbana/aapl1_urbana.srcs/utils_1/imports/mb_snes_timer_usb_axi_0_impl_1' of run 'mb_snes_timer_usb_axi_0_impl_1' is not writable, setting it to default location 'C:/Users/tyxiong2/Desktop/aapl1_urbana/aapl1_urbana.srcs/utils_1/imports/mb_snes_timer_usb_axi_0_impl_1'.
INFO: [Project 1-1877] Auto incremental dir location 'C:/../../../../Desktop/aapl1_urbana/aapl1_urbana.srcs/utils_1/imports/mb_snes_ilmb_bram_if_cntlr_0_impl_1' of run 'mb_snes_ilmb_bram_if_cntlr_0_impl_1' is not writable, setting it to default location 'C:/Users/tyxiong2/Desktop/aapl1_urbana/aapl1_urbana.srcs/utils_1/imports/mb_snes_ilmb_bram_if_cntlr_0_impl_1'.
INFO: [Project 1-1877] Auto incremental dir location 'C:/../../../../Desktop/aapl1_urbana/aapl1_urbana.srcs/utils_1/imports/mb_snes_ilmb_bram_if_cntlr_0_impl_1' of run 'mb_snes_ilmb_bram_if_cntlr_0_impl_1' is not writable, setting it to default location 'C:/Users/tyxiong2/Desktop/aapl1_urbana/aapl1_urbana.srcs/utils_1/imports/mb_snes_ilmb_bram_if_cntlr_0_impl_1'.
INFO: [Project 1-1877] Auto incremental dir location 'C:/../../../../Desktop/aapl1_urbana/aapl1_urbana.srcs/utils_1/imports/mb_snes_lmb_bram_0_impl_1' of run 'mb_snes_lmb_bram_0_impl_1' is not writable, setting it to default location 'C:/Users/tyxiong2/Desktop/aapl1_urbana/aapl1_urbana.srcs/utils_1/imports/mb_snes_lmb_bram_0_impl_1'.
INFO: [Project 1-1877] Auto incremental dir location 'C:/../../../../Desktop/aapl1_urbana/aapl1_urbana.srcs/utils_1/imports/mb_snes_lmb_bram_0_impl_1' of run 'mb_snes_lmb_bram_0_impl_1' is not writable, setting it to default location 'C:/Users/tyxiong2/Desktop/aapl1_urbana/aapl1_urbana.srcs/utils_1/imports/mb_snes_lmb_bram_0_impl_1'.
INFO: [Project 1-1877] Auto incremental dir location 'C:/../../../../Desktop/aapl1_urbana/aapl1_urbana.srcs/utils_1/imports/mb_snes_ilmb_v10_0_impl_1' of run 'mb_snes_ilmb_v10_0_impl_1' is not writable, setting it to default location 'C:/Users/tyxiong2/Desktop/aapl1_urbana/aapl1_urbana.srcs/utils_1/imports/mb_snes_ilmb_v10_0_impl_1'.
INFO: [Project 1-1877] Auto incremental dir location 'C:/../../../../Desktop/aapl1_urbana/aapl1_urbana.srcs/utils_1/imports/mb_snes_ilmb_v10_0_impl_1' of run 'mb_snes_ilmb_v10_0_impl_1' is not writable, setting it to default location 'C:/Users/tyxiong2/Desktop/aapl1_urbana/aapl1_urbana.srcs/utils_1/imports/mb_snes_ilmb_v10_0_impl_1'.
INFO: [Project 1-1877] Auto incremental dir location 'C:/../../../../Desktop/aapl1_urbana/aapl1_urbana.srcs/utils_1/imports/mb_snes_rst_clk_wiz_1_100M_0_impl_1' of run 'mb_snes_rst_clk_wiz_1_100M_0_impl_1' is not writable, setting it to default location 'C:/Users/tyxiong2/Desktop/aapl1_urbana/aapl1_urbana.srcs/utils_1/imports/mb_snes_rst_clk_wiz_1_100M_0_impl_1'.
INFO: [Project 1-1877] Auto incremental dir location 'C:/../../../../Desktop/aapl1_urbana/aapl1_urbana.srcs/utils_1/imports/mb_snes_rst_clk_wiz_1_100M_0_impl_1' of run 'mb_snes_rst_clk_wiz_1_100M_0_impl_1' is not writable, setting it to default location 'C:/Users/tyxiong2/Desktop/aapl1_urbana/aapl1_urbana.srcs/utils_1/imports/mb_snes_rst_clk_wiz_1_100M_0_impl_1'.
INFO: [IP_Flow 19-234] Refreshing IP repositories
INFO: [IP_Flow 19-1700] Loaded user IP repository 'c:/Users/tyxiong2/Desktop/aapl1_urbana/aapl1_urbana.ipdefs/hdmi_tx_1.0'.
INFO: [IP_Flow 19-2313] Loaded Vivado IP repository 'C:/Xilinx/Vivado/2022.2/data/ip'.
open_project: Time (s): cpu = 00:00:09 ; elapsed = 00:00:10 . Memory (MB): peak = 1725.660 ; gain = 197.105
update_compile_order -fileset sources_1
reset_run synth_1
INFO: [Project 1-1160] Copying file C:/Users/tyxiong2/Desktop/aapl1_urbana/aapl1_urbana.runs/synth_1/apple1_s3e_starterkit_top.dcp to C:/Users/tyxiong2/Desktop/aapl1_urbana/aapl1_urbana.srcs/utils_1/imports/synth_1 and adding it to utils fileset
launch_runs synth_1 -jobs 6
WARNING: [HDL 9-3756] overwriting previous definition of module 'arlet_6502' [C:/Users/tyxiong2/Desktop/aapl1_urbana/aapl1_urbana.srcs/sources_1/imports/rtl/cpu/arlet_6502.v:25]
WARNING: [filemgmt 20-1318] Duplicate Design Unit 'arlet_6502()' found in library 'xil_defaultlib'
Duplicate found at line 25 of file C:/Users/tyxiong2/Desktop/aapl1_urbana/aapl1_urbana.srcs/sources_1/imports/cpu/arlet_6502.v
	(Active) Duplicate found at line 25 of file C:/Users/tyxiong2/Desktop/aapl1_urbana/aapl1_urbana.srcs/sources_1/imports/rtl/cpu/arlet_6502.v
[Sat Dec 14 09:15:16 2024] Launched synth_1...
Run output will be captured here: C:/Users/tyxiong2/Desktop/aapl1_urbana/aapl1_urbana.runs/synth_1/runme.log
launch_runs impl_1 -jobs 6
[Sat Dec 14 09:17:10 2024] Launched impl_1...
Run output will be captured here: C:/Users/tyxiong2/Desktop/aapl1_urbana/aapl1_urbana.runs/impl_1/runme.log
reset_run synth_1
INFO: [Project 1-1161] Replacing file C:/Users/tyxiong2/Desktop/aapl1_urbana/aapl1_urbana.srcs/utils_1/imports/synth_1/apple1_s3e_starterkit_top.dcp with file C:/Users/tyxiong2/Desktop/aapl1_urbana/aapl1_urbana.runs/synth_1/apple1_s3e_starterkit_top.dcp
launch_runs impl_1 -to_step write_bitstream -jobs 6
[Sat Dec 14 09:19:11 2024] Launched synth_1...
Run output will be captured here: C:/Users/tyxiong2/Desktop/aapl1_urbana/aapl1_urbana.runs/synth_1/runme.log
[Sat Dec 14 09:19:12 2024] Launched impl_1...
Run output will be captured here: C:/Users/tyxiong2/Desktop/aapl1_urbana/aapl1_urbana.runs/impl_1/runme.log
file mkdir C:/Users/tyxiong2/Desktop/aapl1_urbana/aapl1_urbana.srcs/sources_1/new
close [ open C:/Users/tyxiong2/Desktop/aapl1_urbana/aapl1_urbana.srcs/sources_1/new/apple1_urbana.sv w ]
add_files C:/Users/tyxiong2/Desktop/aapl1_urbana/aapl1_urbana.srcs/sources_1/new/apple1_urbana.sv
update_compile_order -fileset sources_1
INFO: [Vivado 12-8217] Implementation run is out of date. Exported hardware information may be inconsistent with respect to the current state of the design. It is recommended that you re-run implementation and re-generate bitstream/PDI before doing hardware export.
write_hw_platform -fixed -include_bit -force -file C:/Users/tyxiong2/Desktop/aapl1_urbana/apple1v.xsa
INFO: [Project 1-1918] Creating Hardware Platform: C:/Users/tyxiong2/Desktop/aapl1_urbana/apple1v.xsa ...
INFO: [Project 1-1943] The Hardware Platform can be used for Hardware
INFO: [Project 1-1941] Successfully created Hardware Platform: C:/Users/tyxiong2/Desktop/aapl1_urbana/apple1v.xsa
INFO: [Hsi 55-2053] elapsed time for repository (C:/Xilinx/Vivado/2022.2/data/embeddedsw) loading 2 seconds
update_compile_order -fileset sources_1
export_ip_user_files -of_objects  [get_files C:/Users/tyxiong2/Desktop/aapl1_urbana/aapl1_urbana.srcs/sources_1/new/apple1_urbana.sv] -no_script -reset -force -quiet
remove_files  C:/Users/tyxiong2/Desktop/aapl1_urbana/aapl1_urbana.srcs/sources_1/new/apple1_urbana.sv
file delete -force C:/Users/tyxiong2/Desktop/aapl1_urbana/aapl1_urbana.srcs/sources_1/new/apple1_urbana.sv
update_compile_order -fileset sources_1
close [ open C:/Users/tyxiong2/Desktop/aapl1_urbana/aapl1_urbana.srcs/sources_1/new/apple1_urbana.sv w ]
add_files C:/Users/tyxiong2/Desktop/aapl1_urbana/aapl1_urbana.srcs/sources_1/new/apple1_urbana.sv
update_compile_order -fileset sources_1
update_compile_order -fileset sources_1
update_compile_order -fileset sources_1
set_property top apple1_urbana [current_fileset]
update_compile_order -fileset sources_1
reset_run synth_1
INFO: [Project 1-1161] Replacing file C:/Users/tyxiong2/Desktop/aapl1_urbana/aapl1_urbana.srcs/utils_1/imports/synth_1/apple1_s3e_starterkit_top.dcp with file C:/Users/tyxiong2/Desktop/aapl1_urbana/aapl1_urbana.runs/synth_1/apple1_s3e_starterkit_top.dcp
launch_runs impl_1 -jobs 6
[Sat Dec 14 09:28:06 2024] Launched synth_1...
Run output will be captured here: C:/Users/tyxiong2/Desktop/aapl1_urbana/aapl1_urbana.runs/synth_1/runme.log
[Sat Dec 14 09:28:06 2024] Launched impl_1...
Run output will be captured here: C:/Users/tyxiong2/Desktop/aapl1_urbana/aapl1_urbana.runs/impl_1/runme.log
launch_runs impl_1 -to_step write_bitstream -jobs 6
[Sat Dec 14 09:39:12 2024] Launched impl_1...
Run output will be captured here: C:/Users/tyxiong2/Desktop/aapl1_urbana/aapl1_urbana.runs/impl_1/runme.log
write_hw_platform -fixed -include_bit -force -file C:/Users/tyxiong2/Desktop/aapl1_urbana/apple1_urbana_v1.xsa
INFO: [Project 1-1918] Creating Hardware Platform: C:/Users/tyxiong2/Desktop/aapl1_urbana/apple1_urbana_v1.xsa ...
INFO: [Project 1-1943] The Hardware Platform can be used for Hardware
INFO: [Project 1-1941] Successfully created Hardware Platform: C:/Users/tyxiong2/Desktop/aapl1_urbana/apple1_urbana_v1.xsa
archive_project C:/Users/tyxiong2/Desktop/aapl1_urbana_v1.xpr.zip -temp_dir C:/Users/tyxiong2/Desktop/.Xil/Vivado-2780-ECEB-3070-01 -force -include_local_ip_cache -include_config_settings
INFO: [Coretcl 2-137] starting archive...
INFO: [Coretcl 2-1499] Saving project copy to temporary location 'C:/Users/tyxiong2/Desktop/.Xil/Vivado-2780-ECEB-3070-01' for archiving project
Scanning sources...
Finished scanning sources
INFO: [IP_Flow 19-234] Refreshing IP repositories
INFO: [IP_Flow 19-1700] Loaded user IP repository 'c:/Users/tyxiong2/Desktop/aapl1_urbana/aapl1_urbana.ipdefs/hdmi_tx_1.0'.
INFO: [IP_Flow 19-2313] Loaded Vivado IP repository 'C:/Xilinx/Vivado/2022.2/data/ip'.
INFO: [Coretcl 2-1211] Creating project copy for archival...
INFO: [Coretcl 2-1213] Including run results for 'synth_1'
INFO: [Coretcl 2-1213] Including run results for 'hdmi_tx_0_synth_1'
INFO: [Coretcl 2-1213] Including run results for 'clk_wiz_0_synth_1'
INFO: [Coretcl 2-1213] Including run results for 'mb_snes_gpio_usb_keycode_0_synth_1'
INFO: [Coretcl 2-1213] Including run results for 'mb_snes_axi_uartlite_0_0_synth_1'
INFO: [Coretcl 2-1213] Including run results for 'mb_snes_clk_wiz_1_0_synth_1'
INFO: [Coretcl 2-1213] Including run results for 'mb_snes_gpio_usb_int_0_synth_1'
INFO: [Coretcl 2-1213] Including run results for 'mb_snes_gpio_usb_rst_0_synth_1'
INFO: [Coretcl 2-1213] Including run results for 'mb_snes_mdm_1_0_synth_1'
INFO: [Coretcl 2-1213] Including run results for 'mb_snes_microblaze_0_0_synth_1'
INFO: [Coretcl 2-1213] Including run results for 'mb_snes_microblaze_0_axi_intc_0_synth_1'
INFO: [Coretcl 2-1213] Including run results for 'mb_snes_xbar_0_synth_1'
INFO: [Coretcl 2-1213] Including run results for 'mb_snes_dlmb_bram_if_cntlr_0_synth_1'
INFO: [Coretcl 2-1213] Including run results for 'mb_snes_dlmb_v10_0_synth_1'
INFO: [Coretcl 2-1213] Including run results for 'mb_snes_spi_usb_0_synth_1'
INFO: [Coretcl 2-1213] Including run results for 'mb_snes_timer_usb_axi_0_synth_1'
INFO: [Coretcl 2-1213] Including run results for 'mb_snes_ilmb_bram_if_cntlr_0_synth_1'
INFO: [Coretcl 2-1213] Including run results for 'mb_snes_lmb_bram_0_synth_1'
INFO: [Coretcl 2-1213] Including run results for 'mb_snes_ilmb_v10_0_synth_1'
INFO: [Coretcl 2-1213] Including run results for 'mb_snes_rst_clk_wiz_1_100M_0_synth_1'
INFO: [Coretcl 2-1213] Including run results for 'impl_1'
INFO: [Coretcl 2-133] re-setting run 'hdmi_tx_0_impl_1'...
INFO: [Coretcl 2-133] re-setting run 'clk_wiz_0_impl_1'...
INFO: [Coretcl 2-133] re-setting run 'mb_snes_gpio_usb_keycode_0_impl_1'...
INFO: [Coretcl 2-133] re-setting run 'mb_snes_axi_uartlite_0_0_impl_1'...
INFO: [Coretcl 2-133] re-setting run 'mb_snes_clk_wiz_1_0_impl_1'...
INFO: [Coretcl 2-133] re-setting run 'mb_snes_gpio_usb_int_0_impl_1'...
INFO: [Coretcl 2-133] re-setting run 'mb_snes_gpio_usb_rst_0_impl_1'...
INFO: [Coretcl 2-133] re-setting run 'mb_snes_mdm_1_0_impl_1'...
INFO: [Coretcl 2-133] re-setting run 'mb_snes_microblaze_0_0_impl_1'...
INFO: [Coretcl 2-133] re-setting run 'mb_snes_microblaze_0_axi_intc_0_impl_1'...
INFO: [Coretcl 2-133] re-setting run 'mb_snes_xbar_0_impl_1'...
INFO: [Coretcl 2-133] re-setting run 'mb_snes_dlmb_bram_if_cntlr_0_impl_1'...
INFO: [Coretcl 2-133] re-setting run 'mb_snes_dlmb_v10_0_impl_1'...
INFO: [Coretcl 2-133] re-setting run 'mb_snes_spi_usb_0_impl_1'...
INFO: [Coretcl 2-133] re-setting run 'mb_snes_timer_usb_axi_0_impl_1'...
INFO: [Coretcl 2-133] re-setting run 'mb_snes_ilmb_bram_if_cntlr_0_impl_1'...
INFO: [Coretcl 2-133] re-setting run 'mb_snes_lmb_bram_0_impl_1'...
INFO: [Coretcl 2-133] re-setting run 'mb_snes_ilmb_v10_0_impl_1'...
INFO: [Coretcl 2-133] re-setting run 'mb_snes_rst_clk_wiz_1_100M_0_impl_1'...
INFO: [Coretcl 2-1212] Importing remotely added design sources and verilog include files (if any)...
INFO: [filemgmt 20-334] All file(s) are already imported in fileset: 'clk_wiz_0'
INFO: [filemgmt 20-348] Importing the appropriate files for fileset: 'clk_wiz_0'
INFO: [filemgmt 20-334] All file(s) are already imported in fileset: 'hdmi_tx_0'
INFO: [filemgmt 20-348] Importing the appropriate files for fileset: 'hdmi_tx_0'
INFO: [filemgmt 20-334] All file(s) are already imported in fileset: 'mb_snes_axi_uartlite_0_0'
INFO: [filemgmt 20-348] Importing the appropriate files for fileset: 'mb_snes_axi_uartlite_0_0'
INFO: [filemgmt 20-334] All file(s) are already imported in fileset: 'mb_snes_clk_wiz_1_0'
INFO: [filemgmt 20-348] Importing the appropriate files for fileset: 'mb_snes_clk_wiz_1_0'
INFO: [filemgmt 20-334] All file(s) are already imported in fileset: 'mb_snes_dlmb_bram_if_cntlr_0'
INFO: [filemgmt 20-348] Importing the appropriate files for fileset: 'mb_snes_dlmb_bram_if_cntlr_0'
INFO: [filemgmt 20-334] All file(s) are already imported in fileset: 'mb_snes_dlmb_v10_0'
INFO: [filemgmt 20-348] Importing the appropriate files for fileset: 'mb_snes_dlmb_v10_0'
INFO: [filemgmt 20-334] All file(s) are already imported in fileset: 'mb_snes_gpio_usb_int_0'
INFO: [filemgmt 20-348] Importing the appropriate files for fileset: 'mb_snes_gpio_usb_int_0'
INFO: [filemgmt 20-334] All file(s) are already imported in fileset: 'mb_snes_gpio_usb_keycode_0'
INFO: [filemgmt 20-348] Importing the appropriate files for fileset: 'mb_snes_gpio_usb_keycode_0'
INFO: [filemgmt 20-334] All file(s) are already imported in fileset: 'mb_snes_gpio_usb_rst_0'
INFO: [filemgmt 20-348] Importing the appropriate files for fileset: 'mb_snes_gpio_usb_rst_0'
INFO: [filemgmt 20-334] All file(s) are already imported in fileset: 'mb_snes_ilmb_bram_if_cntlr_0'
INFO: [filemgmt 20-348] Importing the appropriate files for fileset: 'mb_snes_ilmb_bram_if_cntlr_0'
INFO: [filemgmt 20-334] All file(s) are already imported in fileset: 'mb_snes_ilmb_v10_0'
INFO: [filemgmt 20-348] Importing the appropriate files for fileset: 'mb_snes_ilmb_v10_0'
INFO: [filemgmt 20-334] All file(s) are already imported in fileset: 'mb_snes_lmb_bram_0'
INFO: [filemgmt 20-348] Importing the appropriate files for fileset: 'mb_snes_lmb_bram_0'
INFO: [filemgmt 20-334] All file(s) are already imported in fileset: 'mb_snes_mdm_1_0'
INFO: [filemgmt 20-348] Importing the appropriate files for fileset: 'mb_snes_mdm_1_0'
INFO: [filemgmt 20-334] All file(s) are already imported in fileset: 'mb_snes_microblaze_0_0'
INFO: [filemgmt 20-348] Importing the appropriate files for fileset: 'mb_snes_microblaze_0_0'
INFO: [filemgmt 20-334] All file(s) are already imported in fileset: 'mb_snes_microblaze_0_axi_intc_0'
INFO: [filemgmt 20-348] Importing the appropriate files for fileset: 'mb_snes_microblaze_0_axi_intc_0'
INFO: [filemgmt 20-334] All file(s) are already imported in fileset: 'mb_snes_rst_clk_wiz_1_100M_0'
INFO: [filemgmt 20-348] Importing the appropriate files for fileset: 'mb_snes_rst_clk_wiz_1_100M_0'
INFO: [filemgmt 20-334] All file(s) are already imported in fileset: 'mb_snes_spi_usb_0'
INFO: [filemgmt 20-348] Importing the appropriate files for fileset: 'mb_snes_spi_usb_0'
INFO: [filemgmt 20-334] All file(s) are already imported in fileset: 'mb_snes_timer_usb_axi_0'
INFO: [filemgmt 20-348] Importing the appropriate files for fileset: 'mb_snes_timer_usb_axi_0'
INFO: [filemgmt 20-334] All file(s) are already imported in fileset: 'mb_snes_xbar_0'
INFO: [filemgmt 20-348] Importing the appropriate files for fileset: 'mb_snes_xbar_0'
INFO: [filemgmt 20-334] All file(s) are already imported in fileset: 'constrs_1'
INFO: [filemgmt 20-348] Importing the appropriate files for fileset: 'constrs_1'
INFO: [filemgmt 20-348] Importing the appropriate files for fileset: 'sources_1'
INFO: [filemgmt 20-334] All file(s) are already imported in fileset: 'utils_1'
INFO: [filemgmt 20-348] Importing the appropriate files for fileset: 'utils_1'
