11:01:56 DEBUG : Logs will be stored at 'C:/Users/theox/Desktop/aapl1_urbana/workspace/IDE.log'.
11:01:58 INFO  : Platform repository initialization has completed.
11:01:58 INFO  : Launching XSCT server: xsct.bat -n  -interactive C:\Users\theox\Desktop\aapl1_urbana\workspace\temp_xsdb_launch_script.tcl
11:01:58 INFO  : Registering command handlers for Vitis TCF services
11:02:01 INFO  : XSCT server has started successfully.
11:02:03 INFO  : plnx-install-location is set to ''
11:02:03 INFO  : Successfully done setting XSCT server connection channel  
11:02:03 INFO  : Successfully done query RDI_DATADIR 
11:02:03 INFO  : Successfully done setting workspace for the tool. 
11:03:17 INFO  : Result from executing command 'getProjects': apple1_urbana_v1
11:03:17 INFO  : Result from executing command 'getPlatforms': 
11:03:17 WARN  : An unexpected exception occurred in the module 'platform project logging'
11:03:17 INFO  : Platform 'apple1_urbana_v1' is added to custom repositories.
11:03:18 INFO  : Platform 'apple1_urbana_v1' is added to custom repositories.
11:03:52 INFO  : Result from executing command 'getProjects': apple1_urbana_v1
11:03:52 INFO  : Result from executing command 'getPlatforms': apple1_urbana_v1|C:/Users/theox/Desktop/aapl1_urbana/workspace/apple1_urbana_v1/export/apple1_urbana_v1/apple1_urbana_v1.xpfm
11:03:52 INFO  : Checking for BSP changes to sync application flags for project 'aple1'...
11:04:10 INFO  : Connected to target on host '127.0.0.1' and port '3121'.
11:04:11 INFO  : Jtag cable 'RealDigital Boo 887429230158A' is selected.
11:04:11 INFO  : 'jtag frequency' command is executed.
11:04:11 INFO  : 'targets -set -filter {jtag_cable_name =~ "RealDigital Boo 887429230158A" && level==0 && jtag_device_ctx=="jsn1-0362f093-0"}' command is executed.
11:04:12 INFO  : Device configured successfully with "C:/Users/theox/Desktop/aapl1_urbana/workspace/aple1/_ide/bitstream/apple1_urbana_v1.bit"
11:04:12 INFO  : Context for processor 'microblaze_0' is selected.
11:04:12 INFO  : Hardware design and registers information is loaded from 'C:/Users/theox/Desktop/aapl1_urbana/workspace/apple1_urbana_v1/export/apple1_urbana_v1/hw/apple1_urbana_v1.xsa'.
11:04:12 INFO  : 'configparams mdm-detect-bscan-mask 2' command is executed.
11:04:12 INFO  : Context for processor 'microblaze_0' is selected.
11:04:12 INFO  : System reset is completed.
11:04:15 INFO  : 'after 3000' command is executed.
11:04:15 INFO  : Context for processor 'microblaze_0' is selected.
11:04:16 INFO  : The application 'C:/Users/theox/Desktop/aapl1_urbana/workspace/aple1/Debug/aple1.elf' is downloaded to processor 'microblaze_0'.
11:04:16 INFO  : ----------------XSDB Script----------------
connect -url tcp:127.0.0.1:3121
targets -set -filter {jtag_cable_name =~ "RealDigital Boo 887429230158A" && level==0 && jtag_device_ctx=="jsn1-0362f093-0"}
fpga -file C:/Users/theox/Desktop/aapl1_urbana/workspace/aple1/_ide/bitstream/apple1_urbana_v1.bit
targets -set -nocase -filter {name =~ "*microblaze*#0" && bscan=="USER2" }
loadhw -hw C:/Users/theox/Desktop/aapl1_urbana/workspace/apple1_urbana_v1/export/apple1_urbana_v1/hw/apple1_urbana_v1.xsa -regs
configparams mdm-detect-bscan-mask 2
targets -set -nocase -filter {name =~ "*microblaze*#0" && bscan=="USER2" }
rst -system
after 3000
targets -set -nocase -filter {name =~ "*microblaze*#0" && bscan=="USER2" }
dow C:/Users/theox/Desktop/aapl1_urbana/workspace/aple1/Debug/aple1.elf
----------------End of Script----------------

11:04:16 INFO  : Context for processor 'microblaze_0' is selected.
11:04:16 INFO  : 'con' command is executed.
11:04:16 INFO  : ----------------XSDB Script (After Launch)----------------
targets -set -nocase -filter {name =~ "*microblaze*#0" && bscan=="USER2" }
con
----------------End of Script----------------

11:04:16 INFO  : Disconnected from the channel tcfchan#2.
